<?xml version="1.0" encoding="UTF-8"?>
<!-- Generated by org.testng.reporters.JUnitReportReporter -->
<testsuite hostname="DESKTOP-HMKMG6M" failures="0" tests="1" name="runner.MyRunner" time="0.385" errors="0" timestamp="2023-08-03T10:57:59 IST" skipped="0">
  <testcase classname="runner.MyRunner" name="runScenario" time="0.385"/>
  <system-out/>
</testsuite> <!-- runner.MyRunner -->
