<?xml version="1.0" encoding="UTF-8"?>
<!-- Generated by org.testng.reporters.JUnitReportReporter -->
<testsuite hostname="DESKTOP-HMKMG6M" failures="0" tests="3" name="runner.MyRunner" time="0.371" errors="0" timestamp="2023-08-03T11:19:35 IST" skipped="0">
  <testcase classname="runner.MyRunner" name="runScenario" time="0.025"/>
  <system-out/>
  <testcase classname="runner.MyRunner" name="runScenario" time="0.317"/>
  <system-out/>
  <testcase classname="runner.MyRunner" name="runScenario" time="0.029"/>
  <system-out/>
</testsuite> <!-- runner.MyRunner -->
